<?xml version="1.0" encoding="UTF-8"?>
<testng-results skipped="0" failed="0" ignored="1" total="8" passed="7">
  <reporter-output>
    <line>
      <![CDATA[Clicked on Image Link]]>
    </line>
  </reporter-output>
  <suite name="Suite" duration-ms="30713" started-at="2020-08-06T13:40:32Z" finished-at="2020-08-06T13:41:02Z">
    <groups>
    </groups>
    <test name="Test" duration-ms="30713" started-at="2020-08-06T13:40:32Z" finished-at="2020-08-06T13:41:02Z">
      <class name="com.maven.project.LoraMavenJune.RadioButton1">
        <test-method status="PASS" signature="beforeMethod(java.lang.String)[pri:0, instance:com.maven.project.LoraMavenJune.RadioButton1@b62fe6d]" name="beforeMethod" is-config="true" duration-ms="3897" started-at="2020-08-06T13:40:43Z" finished-at="2020-08-06T13:40:47Z">
          <params>
            <param index="0">
              <value>
                <![CDATA[chrome]]>
              </value>
            </param>
          </params>
          <reporter-output>
          </reporter-output>
        </test-method> <!-- beforeMethod -->
        <test-method status="PASS" signature="radioButton()[pri:0, instance:com.maven.project.LoraMavenJune.RadioButton1@b62fe6d]" name="radioButton" duration-ms="3484" started-at="2020-08-06T13:40:47Z" finished-at="2020-08-06T13:40:51Z">
          <reporter-output>
          </reporter-output>
        </test-method> <!-- radioButton -->
        <test-method status="PASS" signature="afterMethod()[pri:0, instance:com.maven.project.LoraMavenJune.RadioButton1@b62fe6d]" name="afterMethod" is-config="true" duration-ms="597" started-at="2020-08-06T13:40:51Z" finished-at="2020-08-06T13:40:51Z">
          <reporter-output>
          </reporter-output>
        </test-method> <!-- afterMethod -->
      </class> <!-- com.maven.project.LoraMavenJune.RadioButton1 -->
      <class name="com.maven.project.LoraMavenJune.NewTest">
        <test-method status="PASS" signature="f()[pri:0, instance:com.maven.project.LoraMavenJune.NewTest@13acb0d1]" name="f" duration-ms="2" started-at="2020-08-06T13:40:51Z" finished-at="2020-08-06T13:40:51Z">
          <reporter-output>
          </reporter-output>
        </test-method> <!-- f -->
      </class> <!-- com.maven.project.LoraMavenJune.NewTest -->
      <class name="com.maven.project.LoraMavenJune.TC_002">
        <test-method status="PASS" signature="startProcess(java.lang.String)[pri:0, instance:com.maven.project.LoraMavenJune.TC_002@3e3047e6]" name="startProcess" is-config="true" duration-ms="6612" started-at="2020-08-06T13:40:51Z" finished-at="2020-08-06T13:40:58Z">
          <params>
            <param index="0">
              <value>
                <![CDATA[chrome]]>
              </value>
            </param>
          </params>
          <reporter-output>
          </reporter-output>
        </test-method> <!-- startProcess -->
        <test-method status="PASS" signature="amazon()[pri:0, instance:com.maven.project.LoraMavenJune.TC_002@3e3047e6]" name="amazon" duration-ms="3355" started-at="2020-08-06T13:40:58Z" finished-at="2020-08-06T13:41:01Z">
          <reporter-output>
          </reporter-output>
        </test-method> <!-- amazon -->
        <test-method status="PASS" signature="endProcess()[pri:0, instance:com.maven.project.LoraMavenJune.TC_002@3e3047e6]" name="endProcess" is-config="true" duration-ms="877" started-at="2020-08-06T13:41:01Z" finished-at="2020-08-06T13:41:02Z">
          <reporter-output>
          </reporter-output>
        </test-method> <!-- endProcess -->
      </class> <!-- com.maven.project.LoraMavenJune.TC_002 -->
      <class name="com.maven.project.LoraMavenJune.TC_001">
        <test-method status="PASS" signature="beforeSuite()[pri:0, instance:com.maven.project.LoraMavenJune.TC_001@5ad851c9]" name="beforeSuite" is-config="true" duration-ms="9" started-at="2020-08-06T13:40:32Z" finished-at="2020-08-06T13:40:32Z">
          <reporter-output>
          </reporter-output>
        </test-method> <!-- beforeSuite -->
        <test-method status="PASS" signature="beforeTest()[pri:0, instance:com.maven.project.LoraMavenJune.TC_001@5ad851c9]" name="beforeTest" is-config="true" duration-ms="1" started-at="2020-08-06T13:40:32Z" finished-at="2020-08-06T13:40:32Z">
          <reporter-output>
          </reporter-output>
        </test-method> <!-- beforeTest -->
        <test-method status="PASS" signature="beforeClass()[pri:0, instance:com.maven.project.LoraMavenJune.TC_001@5ad851c9]" name="beforeClass" is-config="true" duration-ms="0" started-at="2020-08-06T13:41:02Z" finished-at="2020-08-06T13:41:02Z">
          <reporter-output>
          </reporter-output>
        </test-method> <!-- beforeClass -->
        <test-method status="PASS" signature="f()[pri:1, instance:com.maven.project.LoraMavenJune.TC_001@5ad851c9]" name="f" duration-ms="0" started-at="2020-08-06T13:41:02Z" finished-at="2020-08-06T13:41:02Z">
          <reporter-output>
          </reporter-output>
        </test-method> <!-- f -->
        <test-method status="PASS" signature="beforeMethod()[pri:0, instance:com.maven.project.LoraMavenJune.TC_001@5ad851c9]" name="beforeMethod" is-config="true" duration-ms="0" started-at="2020-08-06T13:41:02Z" finished-at="2020-08-06T13:41:02Z">
          <reporter-output>
          </reporter-output>
        </test-method> <!-- beforeMethod -->
        <test-method status="PASS" signature="beforeMethod()[pri:0, instance:com.maven.project.LoraMavenJune.TC_001@5ad851c9]" name="beforeMethod" is-config="true" duration-ms="1" started-at="2020-08-06T13:41:02Z" finished-at="2020-08-06T13:41:02Z">
          <reporter-output>
          </reporter-output>
        </test-method> <!-- beforeMethod -->
        <test-method status="PASS" signature="afterMethod()[pri:0, instance:com.maven.project.LoraMavenJune.TC_001@5ad851c9]" name="afterMethod" is-config="true" duration-ms="0" started-at="2020-08-06T13:41:02Z" finished-at="2020-08-06T13:41:02Z">
          <reporter-output>
          </reporter-output>
        </test-method> <!-- afterMethod -->
        <test-method status="PASS" signature="a()[pri:2, instance:com.maven.project.LoraMavenJune.TC_001@5ad851c9]" name="a" duration-ms="1" started-at="2020-08-06T13:41:02Z" finished-at="2020-08-06T13:41:02Z">
          <reporter-output>
          </reporter-output>
        </test-method> <!-- a -->
        <test-method status="PASS" signature="afterTest()[pri:0, instance:com.maven.project.LoraMavenJune.TC_001@5ad851c9]" name="afterTest" is-config="true" duration-ms="0" started-at="2020-08-06T13:41:02Z" finished-at="2020-08-06T13:41:02Z">
          <reporter-output>
          </reporter-output>
        </test-method> <!-- afterTest -->
        <test-method status="PASS" signature="afterClass()[pri:0, instance:com.maven.project.LoraMavenJune.TC_001@5ad851c9]" name="afterClass" is-config="true" duration-ms="0" started-at="2020-08-06T13:41:02Z" finished-at="2020-08-06T13:41:02Z">
          <reporter-output>
          </reporter-output>
        </test-method> <!-- afterClass -->
        <test-method status="PASS" signature="afterMethod()[pri:0, instance:com.maven.project.LoraMavenJune.TC_001@5ad851c9]" name="afterMethod" is-config="true" duration-ms="0" started-at="2020-08-06T13:41:02Z" finished-at="2020-08-06T13:41:02Z">
          <reporter-output>
          </reporter-output>
        </test-method> <!-- afterMethod -->
        <test-method status="PASS" signature="afterSuite()[pri:0, instance:com.maven.project.LoraMavenJune.TC_001@5ad851c9]" name="afterSuite" is-config="true" duration-ms="1" started-at="2020-08-06T13:41:02Z" finished-at="2020-08-06T13:41:02Z">
          <reporter-output>
          </reporter-output>
        </test-method> <!-- afterSuite -->
      </class> <!-- com.maven.project.LoraMavenJune.TC_001 -->
      <class name="com.maven.project.LoraMavenJune.CheckBox1">
        <test-method status="PASS" signature="beforeMethod(java.lang.String)[pri:0, instance:com.maven.project.LoraMavenJune.CheckBox1@6156496]" name="beforeMethod" is-config="true" duration-ms="4846" started-at="2020-08-06T13:40:32Z" finished-at="2020-08-06T13:40:36Z">
          <params>
            <param index="0">
              <value>
                <![CDATA[chrome]]>
              </value>
            </param>
          </params>
          <reporter-output>
          </reporter-output>
        </test-method> <!-- beforeMethod -->
        <test-method status="PASS" signature="checkBox()[pri:0, instance:com.maven.project.LoraMavenJune.CheckBox1@6156496]" name="checkBox" duration-ms="104" started-at="2020-08-06T13:40:36Z" finished-at="2020-08-06T13:40:37Z">
          <reporter-output>
          </reporter-output>
        </test-method> <!-- checkBox -->
        <test-method status="PASS" signature="afterMethod()[pri:0, instance:com.maven.project.LoraMavenJune.CheckBox1@6156496]" name="afterMethod" is-config="true" duration-ms="607" started-at="2020-08-06T13:40:37Z" finished-at="2020-08-06T13:40:37Z">
          <reporter-output>
          </reporter-output>
        </test-method> <!-- afterMethod -->
      </class> <!-- com.maven.project.LoraMavenJune.CheckBox1 -->
      <class name="com.maven.project.LoraMavenJune.LinksTesting1">
        <test-method status="PASS" signature="beforeMethod(java.lang.String)[pri:0, instance:com.maven.project.LoraMavenJune.LinksTesting1@3c153a1]" name="beforeMethod" is-config="true" duration-ms="4489" started-at="2020-08-06T13:40:37Z" finished-at="2020-08-06T13:40:42Z">
          <params>
            <param index="0">
              <value>
                <![CDATA[chrome]]>
              </value>
            </param>
          </params>
          <reporter-output>
          </reporter-output>
        </test-method> <!-- beforeMethod -->
        <test-method status="PASS" signature="linksTesting()[pri:0, instance:com.maven.project.LoraMavenJune.LinksTesting1@3c153a1]" name="linksTesting" duration-ms="1182" started-at="2020-08-06T13:40:42Z" finished-at="2020-08-06T13:40:43Z">
          <reporter-output>
            <line>
              <![CDATA[Clicked on Image Link]]>
            </line>
          </reporter-output>
        </test-method> <!-- linksTesting -->
        <test-method status="PASS" signature="afterMethod()[pri:0, instance:com.maven.project.LoraMavenJune.LinksTesting1@3c153a1]" name="afterMethod" is-config="true" duration-ms="612" started-at="2020-08-06T13:40:43Z" finished-at="2020-08-06T13:40:43Z">
          <reporter-output>
          </reporter-output>
        </test-method> <!-- afterMethod -->
      </class> <!-- com.maven.project.LoraMavenJune.LinksTesting1 -->
    </test> <!-- Test -->
  </suite> <!-- Suite -->
</testng-results>
