<?xml version="1.0" encoding="UTF-8"?>
<!-- Generated by org.testng.reporters.JUnitXMLReporter -->
<testsuite hostname="DESKTOP-G35C2NK" ignored="1" name="Test" tests="7" failures="0" timestamp="06 Aug 2020 13:41:02 GMT" time="30.713" errors="0">
  <testcase name="checkBox" time="0.104" classname="com.maven.project.LoraMavenJune.CheckBox1"/>
  <testcase name="linksTesting" time="1.182" classname="com.maven.project.LoraMavenJune.LinksTesting1"/>
  <testcase name="radioButton" time="3.484" classname="com.maven.project.LoraMavenJune.RadioButton1"/>
  <testcase name="f" time="0.002" classname="com.maven.project.LoraMavenJune.NewTest"/>
  <testcase name="amazon" time="3.355" classname="com.maven.project.LoraMavenJune.TC_002"/>
  <testcase name="f" time="0.0" classname="com.maven.project.LoraMavenJune.TC_001"/>
  <testcase name="a" time="0.001" classname="com.maven.project.LoraMavenJune.TC_001"/>
  <testcase name="z" time="0.0" classname="com.maven.project.LoraMavenJune.TC_001">
    <ignored/>
  </testcase> <!-- z -->
</testsuite> <!-- Test -->
